Exception occurred at 06/12/2023 11:25:42
Une exception de type 'System.Exception' a été levée.
Detailed Message: 
Extended StackTrace: 
System.Exception: Une exception de type 'System.Exception' a été levée.
   à ModuleWorks.Vectorf.Normalize()
   à ModuleWorks.Util.CameraView.UpdateSize(Int32 newWidth, Int32 newHeight)
   à UBVS.Controls.OpenGlRenderingControl.OnCameraViewChanged(DependencyObject d, DependencyPropertyChangedEventArgs e)
   à System.Windows.DependencyObject.OnPropertyChanged(DependencyPropertyChangedEventArgs e)
   à System.Windows.FrameworkElement.OnPropertyChanged(DependencyPropertyChangedEventArgs e)
   à System.Windows.DependencyObject.NotifyPropertyChange(DependencyPropertyChangedEventArgs args)
   à System.Windows.DependencyObject.UpdateEffectiveValue(EntryIndex entryIndex, DependencyProperty dp, PropertyMetadata metadata, EffectiveValueEntry oldEntry, EffectiveValueEntry& newEntry, Boolean coerceWithDeferredReference, Boolean coerceWithCurrentValue, OperationType operationType)
   à System.Windows.DependencyObject.InvalidateProperty(DependencyProperty dp, Boolean preserveCurrentValue)
   à System.Windows.Data.BindingExpressionBase.Invalidate(Boolean isASubPropertyChange)
   à System.Windows.Data.BindingExpression.TransferValue(Object newValue, Boolean isASubPropertyChange)
   à MS.Internal.Data.PropertyPathWorker.UpdateSourceValueState(Int32 k, ICollectionView collectionView, Object newValue, Boolean isASubPropertyChange)
   à MS.Internal.Data.PropertyPathWorker.RefreshValue()
   à MS.Internal.Data.ClrBindingWorker.ScheduleTransferOperation(Object arg)
   à MS.Internal.Data.DataBindEngine.ProcessCrossThreadRequests()
   à System.Windows.Threading.ExceptionWrapper.InternalRealCall(Delegate callback, Object args, Int32 numArgs)
   à System.Windows.Threading.ExceptionWrapper.TryCatchWhen(Object source, Delegate callback, Object args, Int32 numArgs, Delegate catchHandler)
---
DebugWin Log: 
Initialized McamSimulator - DebugEngine
ubvs launcher init
ubvs launcher init - not started
ubvs launcher init - create new app
ubvs launcher init - create window
ubvs launcher init - run
TrackedChange: ProximityAlert
TrackedChange: AxisOverrun
TrackedChange: ToolOrientation
TrackedChange: ProximityAlert
TrackedChange: AxisOverrun
TrackedChange: ToolOrientation
TrackedChange: TrueThreadCutting
TrackedChange: Force5Axis
TrackedChange: PrecisionIndex
TrackedChange: advancedToolpathDisplay
TrackedChange: SectionPlaneColor
TrackedChange: ToolvectorVis
TrackedChange: MaxSegmentLength
TrackedChange: MachineSimulationOverlayPermanent
Display outdated triangulation data
Display outdated triangulation data
Cutsim is triangulating . triangulation still valid
Display outdated triangulation data
Cutsim is triangulating . triangulation still valid
Cutsim is triangulating . triangulation still valid
Display outdated triangulation data
Display outdated triangulation data
Cutsim is triangulating . triangulation still valid
Display outdated triangulation data
Display outdated triangulation data
Display outdated triangulation data
Display outdated triangulation data
Cutsim is triangulating . triangulation still valid
Cutsim is triangulating . triangulation still valid
Display outdated triangulation data
Cutsim is triangulating . triangulation still valid
Cutsim is triangulating . triangulation still valid
Display outdated triangulation data
Display outdated triangulation data
Display outdated triangulation data
Cutsim is triangulating . triangulation still valid
Display outdated triangulation data
Display outdated triangulation data
Display outdated triangulation data
Display outdated triangulation data
Display outdated triangulation data
Display outdated triangulation data
Display outdated triangulation data
Display outdated triangulation data
Display outdated triangulation data
Display outdated triangulation data
Cutsim is triangulating . triangulation still valid
Cutsim is triangulating . triangulation still valid
Display outdated triangulation data
Cutsim is triangulating . triangulation still valid
Display outdated triangulation data
Display outdated triangulation data
Cutsim is triangulating . triangulation still valid
Display outdated triangulation data
Display outdated triangulation data
Display outdated triangulation data
Display outdated triangulation data
Display outdated triangulation data
Cutsim is triangulating . triangulation still valid
Display outdated triangulation data
Display outdated triangulation data
Display outdated triangulation data
Display outdated triangulation data
Display outdated triangulation data
Display outdated triangulation data
Cutsim is triangulating . triangulation still valid
Display outdated triangulation data
Display outdated triangulation data
Display outdated triangulation data
Display outdated triangulation data
Display outdated triangulation data
Display outdated triangulation data
Cutsim is triangulating . triangulation still valid
Display outdated triangulation data
Display outdated triangulation data
Cutsim is triangulating . triangulation still valid
Display outdated triangulation data
Display outdated triangulation data
Display outdated triangulation data
Display outdated triangulation data
Display outdated triangulation data
Display outdated triangulation data
Display outdated triangulation data
Cutsim is triangulating . triangulation still valid
Display outdated triangulation data
Cutsim is triangulating . triangulation still valid
Display outdated triangulation data
Display outdated triangulation data
Display outdated triangulation data
Display outdated triangulation data
Display outdated triangulation data
Display outdated triangulation data
Display outdated triangulation data
Display outdated triangulation data
Display outdated triangulation data
Display outdated triangulation data
Cutsim is triangulating . triangulation still valid
Cutsim is triangulating . triangulation still valid
Display outdated triangulation data
Display outdated triangulation data
Display outdated triangulation data
Display outdated triangulation data
Display outdated triangulation data
Display outdated triangulation data
Display outdated triangulation data
Display outdated triangulation data
Display outdated triangulation data
Display outdated triangulation data
Display outdated triangulation data
Display outdated triangulation data
Cutsim is triangulating . triangulation still valid
Cutsim is triangulating . triangulation still valid
Display outdated triangulation data
Display outdated triangulation data

---

------------------------------
Exception occurred at 02/04/2024 10:39:57
Cannot access node with id 1133: node handle is not valid
Detailed Message: 
Extended StackTrace: 
ModuleWorks.InteropException: Cannot access node with id 1133: node handle is not valid
   à ModuleWorks.CNCSim.MachineItemNode.set_Name(String value)
   à ModuleWorks.Simulations.IOFStock.UpdateStockNodeProperties()
   à ModuleWorks.Simulations.IOFStock.set_Node(StockNode value)
   à ModuleWorks.Simulations.IOFSimulation.AssociateTwoPieceStockCutOff(IOFStock source, IOFStock target, StockNode sourceStockNodeFromCutHandeler, StockNode targetStockNodeFromCutHandeler, Boolean cloneWorkpiece)
   à ModuleWorks.Simulations.IOFSimulation.ExecuteStockTransferCommand(StockTransferCommand stockTransferCommand, Boolean makeItOnlyAsTwoPieces)
   à ModuleWorks.Simulations.IOFSimulation.DoStep(SimulationPosition currentPosition, SimulationPosition nextPosition, Boolean isJump)
   à ModuleWorks.Simulations.IOFSimulation.InternalNextStep(SimulationPosition currentPos, SimulationPosition nextPos, Optional`1& previousToolTipPos, Optional`1& toolTipPos)
   à ModuleWorks.Simulations.Simulation.NextStep(SimulationPosition nextPosition, Boolean forceFlush)
   à UBVS.Model.SimulationPlayer.SimulationThread_StandardPlay(SimulationParameters parameters)
---
DebugWin Log: 
Initialized McamSimulator - DebugEngine
ubvs launcher init
ubvs launcher init - not started
ubvs launcher init - create new app
ubvs launcher init - create window
ubvs launcher init - run
TrackedChange: ProximityAlert
TrackedChange: AxisOverrun
TrackedChange: ToolOrientation
TrackedChange: ProximityAlert
TrackedChange: AxisOverrun
TrackedChange: ToolOrientation
TrackedChange: ToolvectorVis
TrackedChange: MachineSimulationOverlayPermanent
Registered Cleanup
Memory leak detected: Still referenced objects: 
1: UBVS.ViewModels.MainViewModel
3: UBVS.Model.SimulationPlayer
3: UBVS.ViewModels.SimulationViewModel
Registered Cleanup
Memory leak detected: Still referenced objects: 
1: UBVS.ViewModels.MainViewModel
3: UBVS.Model.SimulationPlayer
3: UBVS.ViewModels.SimulationViewModel

---

------------------------------
Exception occurred at 02/04/2024 10:39:58
Cannot access node with id 1133: node handle is not valid
Detailed Message: 
Extended StackTrace: 
ModuleWorks.InteropException: Cannot access node with id 1133: node handle is not valid
   à ModuleWorks.CNCSim.StockNode.ForceTessellation(Boolean async)
   à ModuleWorks.Simulations.IOFStock.Triangulate()
   à ModuleWorks.Simulations.Simulation.TriangulateAsNonExpensiveJob()
   à ModuleWorks.Simulations.Simulation.Triangulate()
   à UBVS.Model.SimulationPlayer.SimulationThread_Invalidate(Boolean invalidateOnly, TriangulationRequirement triangulationRequirement)
   à UBVS.Model.SimulationPlayer.RunJob(SimulationParameters parameters, Int64 jobQueuedTimeStamp)
   à UBVS.Model.SimulationPlayer.ThreadLoop()
---

------------------------------
Exception occurred at 02/04/2024 10:40:00
Cannot access node with id 1133: node handle is not valid
Detailed Message: 
Extended StackTrace: 
ModuleWorks.InteropException: Cannot access node with id 1133: node handle is not valid
   à ModuleWorks.CNCSim.StockNode.ForceTessellation(Boolean async)
   à ModuleWorks.Simulations.IOFStock.Triangulate()
   à ModuleWorks.Simulations.Simulation.TriangulateAsNonExpensiveJob()
   à ModuleWorks.Simulations.Simulation.Triangulate()
   à UBVS.Model.SimulationPlayer.SimulationThread_Invalidate(Boolean invalidateOnly, TriangulationRequirement triangulationRequirement)
   à UBVS.Model.SimulationPlayer.RunJob(SimulationParameters parameters, Int64 jobQueuedTimeStamp)
   à UBVS.Model.SimulationPlayer.ThreadLoop()
---

------------------------------
Exception occurred at 02/04/2024 10:40:01
Cannot access node with id 1133: node handle is not valid
Detailed Message: 
Extended StackTrace: 
ModuleWorks.InteropException: Cannot access node with id 1133: node handle is not valid
   à ModuleWorks.CNCSim.StockNode.ForceTessellation(Boolean async)
   à ModuleWorks.Simulations.IOFStock.Triangulate()
   à ModuleWorks.Simulations.Simulation.TriangulateAsNonExpensiveJob()
   à ModuleWorks.Simulations.Simulation.Triangulate()
   à UBVS.Model.SimulationPlayer.SimulationThread_Invalidate(Boolean invalidateOnly, TriangulationRequirement triangulationRequirement)
   à UBVS.Model.SimulationPlayer.RunJob(SimulationParameters parameters, Int64 jobQueuedTimeStamp)
   à UBVS.Model.SimulationPlayer.ThreadLoop()
---

------------------------------
